2026-06-10 11:08:06  C:\Users\WORK---PC\Documents\nearfence\html\niotech\partials\preloader.html
2026-06-10 11:08:15  C:\Users\WORK---PC\Documents\nearfence\html\niotech\partials\offcanvas.html
2026-06-10 11:08:24  C:\Users\WORK---PC\Documents\nearfence\html\niotech\partials\header.html
2026-06-10 11:08:45  C:\Users\WORK---PC\Documents\nearfence\html\niotech\partials\intro.html
2026-06-10 11:09:09  C:\Users\WORK---PC\Documents\nearfence\html\niotech\partials\about.html
2026-06-10 11:09:21  C:\Users\WORK---PC\Documents\nearfence\html\niotech\partials\problem.html
2026-06-10 11:09:35  C:\Users\WORK---PC\Documents\nearfence\html\niotech\partials\how-it-works.html
2026-06-10 11:09:51  C:\Users\WORK---PC\Documents\nearfence\html\niotech\partials\features-grid.html
2026-06-10 11:10:23  C:\Users\WORK---PC\Documents\nearfence\html\niotech\partials\testimonials.html
2026-06-10 11:10:51  C:\Users\WORK---PC\Documents\nearfence\html\niotech\partials\use-cases.html
2026-06-10 11:14:11  C:\Users\WORK---PC\Documents\nearfence\html\niotech\partials\pricing.html
2026-06-10 11:14:26  C:\Users\WORK---PC\Documents\nearfence\html\niotech\partials\cta.html
2026-06-10 11:15:30  C:\Users\WORK---PC\Documents\nearfence\html\niotech\partials\footer.html
2026-06-10 11:15:36  C:\Users\WORK---PC\Documents\nearfence\html\niotech\assets\js\include.js
2026-06-10 11:16:01  C:\Users\WORK---PC\Documents\nearfence\html\niotech\index.html
2026-06-10 11:20:02  C:\Users\WORK---PC\Documents\nearfence\html\niotech\assets\js\include.js
2026-06-10 11:26:36  C:\Users\WORK---PC\Documents\nearfence\html\niotech\partials\header.html
2026-06-10 11:55:05  C:\Users\WORK---PC\Downloads\transform_eshdc.py
2026-06-10 11:56:19  C:\Users\WORK---PC\Downloads\transform_eshdc.py
2026-06-10 11:57:39  C:\Users\WORK---PC\Downloads\transform_eshdc.py
2026-06-10 12:00:00  C:\Users\WORK---PC\Downloads\transform_eshdc.py
2026-06-10 12:03:19  C:\Users\WORK---PC\Downloads\transform_eshdc.py
2026-06-10 12:03:43  C:\Users\WORK---PC\Downloads\transform_eshdc.py
2026-06-10 12:04:06  C:\Users\WORK---PC\Downloads\transform_eshdc.py
2026-06-10 12:26:22  C:\Users\WORK---PC\Documents\nearfence\html\niotech\partials\header.html
2026-06-10 12:26:31  C:\Users\WORK---PC\Documents\nearfence\html\niotech\partials\header.html
2026-06-10 12:33:36  C:\Users\WORK---PC\Documents\nearfence\html\niotech\partials\about.html
2026-06-10 13:38:20  C:\Users\WORK---PC\Documents\nearfence\html\niotech\partials\about.html
2026-06-10 13:40:34  C:\Users\WORK---PC\Documents\nearfence\html\niotech\index.html
2026-06-10 13:41:11  C:\Users\WORK---PC\Documents\nearfence\html\niotech\partials\about.html
2026-06-10 13:41:44  C:\Users\WORK---PC\Documents\nearfence\html\niotech\partials\about.html
2026-06-10 13:46:39  C:\Users\WORK---PC\Documents\nearfence\html\niotech\partials\about.html
2026-06-10 13:58:37  C:\Users\WORK---PC\Documents\nearfence\html\niotech\partials\how-it-works.html
